<?xml version="1.0" encoding="UTF-8"?>
<!-- Generated by org.testng.reporters.JUnitXMLReporter -->
<testsuite ignored="2" hostname="DESKTOP-PURIPPR" failures="0" tests="3" name="Regression" time="4.171" errors="0" timestamp="2022-06-22T12:32:10 IST">
  <testcase classname="POM_TestNG_TestNGXML.TestNG" name="login" time="4.024"/>
  <testcase classname="POM_TestNG_TestNGXML.TestNG_2" name="test1" time="0.004"/>
  <testcase classname="POM_TestNG_TestNGXML.TestNG_2" name="test2" time="0.002"/>
  <testcase classname="POM_TestNG_TestNGXML.TestNG" name="forgotPassword" time="0.0">
    <ignored/>
  </testcase> <!-- forgotPassword -->
  <testcase classname="POM_TestNG_TestNGXML.TestNG" name="pin" time="0.0">
    <ignored/>
  </testcase> <!-- pin -->
</testsuite> <!-- Regression -->
